app/build/intermediates/manifest_merge_blame_file/debug/processDebugMainManifest/manifest-merger-blame-debug-report.txt
1<?xml version="1.0" encoding="utf-8"?>
2<manifest xmlns:android="http://schemas.android.com/apk/res/android"
3    package="com.uidrive.user"
4    android:versionCode="1"
5    android:versionName="1.5" >
6
7    <uses-sdk
8        android:minSdkVersion="23"
9        android:targetSdkVersion="33" />
10
11    <uses-permission
11-->src/main/AndroidManifest.xml:5:5-9:11
12        android:name="android.permission.CAMERA"
12-->src/main/AndroidManifest.xml:6:9-49
13        android:required="false" />
13-->src/main/AndroidManifest.xml:7:9-33
14    <uses-permission android:name="android.permission.INTERNET" />
14-->src/main/AndroidManifest.xml:10:5-67
14-->src/main/AndroidManifest.xml:10:22-64
15    <uses-permission android:name="android.permission.ACCESS_NETWORK_STATE" />
15-->src/main/AndroidManifest.xml:11:5-79
15-->src/main/AndroidManifest.xml:11:22-76
16    <uses-permission
16-->src/main/AndroidManifest.xml:12:5-14:38
17        android:name="android.permission.WRITE_EXTERNAL_STORAGE"
17-->src/main/AndroidManifest.xml:13:9-65
18        android:maxSdkVersion="32" />
18-->src/main/AndroidManifest.xml:14:9-35
19    <uses-permission
19-->src/main/AndroidManifest.xml:15:5-16:38
20        android:name="android.permission.READ_EXTERNAL_STORAGE"
20-->src/main/AndroidManifest.xml:15:22-77
21        android:maxSdkVersion="32" />
21-->src/main/AndroidManifest.xml:16:9-35
22    <uses-permission android:name="android.permission.READ_MEDIA_IMAGES" />
22-->src/main/AndroidManifest.xml:17:5-76
22-->src/main/AndroidManifest.xml:17:22-73
23    <uses-permission android:name="com.google.android.providers.gsf.permission.READ_GSERVICES" />
23-->src/main/AndroidManifest.xml:18:5-98
23-->src/main/AndroidManifest.xml:18:22-95
24    <uses-permission android:name="android.permission.GET_ACCOUNTS" />
24-->src/main/AndroidManifest.xml:19:5-71
24-->src/main/AndroidManifest.xml:19:22-68
25    <uses-permission android:name="android.permission.GET_TASKS" />
25-->src/main/AndroidManifest.xml:20:5-68
25-->src/main/AndroidManifest.xml:20:22-65
26    <uses-permission android:name="android.permission.READ_PHONE_STATE" />
26-->src/main/AndroidManifest.xml:21:5-75
26-->src/main/AndroidManifest.xml:21:22-72
27    <uses-permission android:name="android.permission.READ_CONTACTS" />
27-->src/main/AndroidManifest.xml:22:5-72
27-->src/main/AndroidManifest.xml:22:22-69
28    <uses-permission android:name="android.permission.VIBRATE" />
28-->src/main/AndroidManifest.xml:23:5-66
28-->src/main/AndroidManifest.xml:23:22-63
29    <uses-permission android:name="android.permission.SYSTEM_ALERT_WINDOW" /> <!-- voip permission -->
29-->src/main/AndroidManifest.xml:24:5-78
29-->src/main/AndroidManifest.xml:24:22-75
30    <uses-permission android:name="android.permission.RECORD_AUDIO" />
30-->src/main/AndroidManifest.xml:25:5-71
30-->src/main/AndroidManifest.xml:25:22-68
31    <uses-permission android:name="android.permission.MODIFY_AUDIO_SETTINGS" />
31-->src/main/AndroidManifest.xml:26:5-80
31-->src/main/AndroidManifest.xml:26:22-77
32    <!--
33         The ACCESS_COARSE/FINE_LOCATION permissions are not required to use
34         Google Maps Android API v2, but are recommended.
35    -->
36    <uses-permission android:name="android.permission.ACCESS_FINE_LOCATION" />
36-->src/main/AndroidManifest.xml:31:5-79
36-->src/main/AndroidManifest.xml:31:22-76
37    <uses-permission android:name="android.permission.ACCESS_COARSE_LOCATION" />
37-->src/main/AndroidManifest.xml:32:5-81
37-->src/main/AndroidManifest.xml:32:22-78
38    <!--
39   this below permission is very important for Firebase push notification, when app was killed
40   if we delete this below permission accidentally, app wont receive background notification
41    -->
42    <uses-permission android:name="android.permission.WAKE_LOCK" />
42-->src/main/AndroidManifest.xml:37:5-68
42-->src/main/AndroidManifest.xml:37:22-65
43    <uses-permission android:name="android.permission.DISABLE_KEYGUARD" />
43-->src/main/AndroidManifest.xml:38:5-75
43-->src/main/AndroidManifest.xml:38:22-72
44    <uses-permission android:name="com.google.android.c2dm.permission.RECEIVE" />
44-->src/main/AndroidManifest.xml:39:5-82
44-->src/main/AndroidManifest.xml:39:22-79
45
46    <uses-feature
46-->src/main/AndroidManifest.xml:41:5-43:36
47        android:name="android.hardware.telephony"
47-->src/main/AndroidManifest.xml:42:9-50
48        android:required="false" />
48-->src/main/AndroidManifest.xml:43:9-33
49    <uses-feature
49-->src/main/AndroidManifest.xml:44:5-46:36
50        android:name="android.hardware.camera"
50-->src/main/AndroidManifest.xml:45:9-47
51        android:required="false" />
51-->src/main/AndroidManifest.xml:46:9-33
52
53    <permission
53-->src/main/AndroidManifest.xml:48:5-50:47
54        android:name="com.newtaxiprime.user.C2D_MESSAGE"
54-->src/main/AndroidManifest.xml:49:9-57
55        android:protectionLevel="signature" />
55-->src/main/AndroidManifest.xml:50:9-44
56
57    <queries>
57-->src/main/AndroidManifest.xml:52:5-58:15
58        <intent>
58-->src/main/AndroidManifest.xml:53:9-57:18
59            <action android:name="android.intent.action.PICK" />
59-->src/main/AndroidManifest.xml:54:13-65
59-->src/main/AndroidManifest.xml:54:21-62
60
61            <data android:mimeType="vnd.android.cursor.dir/image" />
61-->src/main/AndroidManifest.xml:56:19-66
62        </intent>
63        <!-- Added to check if Chrome is installed for browser-based payment authentication (e.g. 3DS1). -->
64        <package android:name="com.android.chrome" /> <!-- Added to check the default browser that will host the AuthFlow. -->
64-->[com.stripe:payments-core:20.22.0] AndroidManifest.xml:11:9-54
64-->[com.stripe:payments-core:20.22.0] AndroidManifest.xml:11:18-51
65        <intent>
65-->[com.stripe:financial-connections:20.22.0] AndroidManifest.xml:13:9-17:18
66            <action android:name="android.intent.action.VIEW" />
66-->src/main/AndroidManifest.xml:406:17-69
66-->src/main/AndroidManifest.xml:406:25-66
67
68            <data android:scheme="http" />
68-->src/main/AndroidManifest.xml:411:23-66
69        </intent>
70
71        <package android:name="com.venmo" />
71-->[com.braintreepayments.api:braintree:3.20.1] AndroidManifest.xml:17:9-45
71-->[com.braintreepayments.api:braintree:3.20.1] AndroidManifest.xml:17:18-42
72        <package android:name="com.paypal.android.p2pmobile" />
72-->[com.braintreepayments.api:braintree:3.20.1] AndroidManifest.xml:18:9-64
72-->[com.braintreepayments.api:braintree:3.20.1] AndroidManifest.xml:18:18-61
73        <package android:name="com.facebook.katana" />
73-->[com.facebook.android:facebook-common:18.0.3] AndroidManifest.xml:16:9-55
73-->[com.facebook.android:facebook-common:18.0.3] AndroidManifest.xml:16:18-52
74
75        <intent>
75-->[com.braintreepayments:browser-switch:1.2.0] AndroidManifest.xml:12:9-18:18
76            <action android:name="android.intent.action.VIEW" />
76-->src/main/AndroidManifest.xml:406:17-69
76-->src/main/AndroidManifest.xml:406:25-66
77
78            <category android:name="android.intent.category.BROWSABLE" />
78-->src/main/AndroidManifest.xml:409:17-78
78-->src/main/AndroidManifest.xml:409:27-75
79
80            <data android:scheme="https" />
80-->src/main/AndroidManifest.xml:411:23-66
81        </intent> <!-- Needs to be explicitly declared on Android R+ -->
82        <package android:name="com.google.android.apps.maps" />
82-->[com.google.android.gms:play-services-maps:19.2.0] AndroidManifest.xml:29:7-61
82-->[com.google.android.gms:play-services-maps:19.2.0] AndroidManifest.xml:29:16-59
83    </queries>
84
85    <uses-permission android:name="android.permission.ACCESS_WIFI_STATE" />
85-->[com.google.android.libraries.places:places:4.2.0] AndroidManifest.xml:13:5-76
85-->[com.google.android.libraries.places:places:4.2.0] AndroidManifest.xml:13:22-73
86
87    <uses-feature
87-->[com.google.android.gms:play-services-maps:19.2.0] AndroidManifest.xml:22:5-24:33
88        android:glEsVersion="0x00020000"
88-->[com.google.android.gms:play-services-maps:19.2.0] AndroidManifest.xml:23:8-40
89        android:required="true" />
89-->[com.google.android.gms:play-services-maps:19.2.0] AndroidManifest.xml:24:8-31
90
91    <uses-permission android:name="android.permission.POST_NOTIFICATIONS" />
91-->[com.google.firebase:firebase-messaging:24.1.1] AndroidManifest.xml:23:5-77
91-->[com.google.firebase:firebase-messaging:24.1.1] AndroidManifest.xml:23:22-74
92    <uses-permission android:name="com.google.android.finsky.permission.BIND_GET_INSTALL_REFERRER_SERVICE" />
92-->[com.google.android.gms:play-services-measurement:22.4.0] AndroidManifest.xml:26:5-110
92-->[com.google.android.gms:play-services-measurement:22.4.0] AndroidManifest.xml:26:22-107
93    <uses-permission android:name="com.google.android.gms.permission.AD_ID" />
93-->[com.google.android.gms:play-services-measurement-impl:22.4.0] AndroidManifest.xml:27:5-79
93-->[com.google.android.gms:play-services-measurement-impl:22.4.0] AndroidManifest.xml:27:22-76
94    <uses-permission android:name="android.permission.ACCESS_ADSERVICES_ATTRIBUTION" />
94-->[com.google.android.gms:play-services-measurement-api:22.4.0] AndroidManifest.xml:26:5-88
94-->[com.google.android.gms:play-services-measurement-api:22.4.0] AndroidManifest.xml:26:22-85
95    <uses-permission android:name="android.permission.ACCESS_ADSERVICES_AD_ID" />
95-->[com.google.android.gms:play-services-measurement-api:22.4.0] AndroidManifest.xml:27:5-82
95-->[com.google.android.gms:play-services-measurement-api:22.4.0] AndroidManifest.xml:27:22-79
96    <uses-permission android:name="android.permission.ACCESS_ADSERVICES_CUSTOM_AUDIENCE" />
96-->[com.facebook.android:facebook-core:18.0.3] AndroidManifest.xml:18:5-92
96-->[com.facebook.android:facebook-core:18.0.3] AndroidManifest.xml:18:22-89
97    <uses-permission android:name="android.permission.ACCESS_ADSERVICES_TOPICS" />
97-->[com.facebook.android:facebook-core:18.0.3] AndroidManifest.xml:19:5-83
97-->[com.facebook.android:facebook-core:18.0.3] AndroidManifest.xml:19:22-80
98    <uses-permission android:name="android.permission.RECEIVE_BOOT_COMPLETED" />
98-->[androidx.work:work-runtime:2.10.1] AndroidManifest.xml:25:5-81
98-->[androidx.work:work-runtime:2.10.1] AndroidManifest.xml:25:22-78
99    <uses-permission android:name="android.permission.FOREGROUND_SERVICE" />
99-->[androidx.work:work-runtime:2.10.1] AndroidManifest.xml:26:5-77
99-->[androidx.work:work-runtime:2.10.1] AndroidManifest.xml:26:22-74
100
101    <permission
101-->[androidx.core:core:1.16.0] AndroidManifest.xml:22:5-24:47
102        android:name="com.uidrive.user.DYNAMIC_RECEIVER_NOT_EXPORTED_PERMISSION"
102-->[androidx.core:core:1.16.0] AndroidManifest.xml:23:9-81
103        android:protectionLevel="signature" />
103-->[androidx.core:core:1.16.0] AndroidManifest.xml:24:9-44
104
105    <uses-permission android:name="com.uidrive.user.DYNAMIC_RECEIVER_NOT_EXPORTED_PERMISSION" />
105-->[androidx.core:core:1.16.0] AndroidManifest.xml:26:5-97
105-->[androidx.core:core:1.16.0] AndroidManifest.xml:26:22-94
106
107    <application
107-->src/main/AndroidManifest.xml:60:5-418:19
108        android:name="com.newtaxiprime.user.appcommon.network.AppController"
108-->src/main/AndroidManifest.xml:61:9-56
109        android:allowBackup="false"
109-->src/main/AndroidManifest.xml:62:9-36
110        android:appComponentFactory="androidx.core.app.CoreComponentFactory"
110-->[androidx.core:core:1.16.0] AndroidManifest.xml:28:18-86
111        android:debuggable="true"
112        android:extractNativeLibs="false"
113        android:fullBackupContent="false"
113-->src/main/AndroidManifest.xml:63:9-42
114        android:icon="@mipmap/ic_launcher"
114-->src/main/AndroidManifest.xml:64:9-43
115        android:label="@string/app_name"
115-->src/main/AndroidManifest.xml:65:9-41
116        android:largeHeap="true"
116-->src/main/AndroidManifest.xml:66:9-33
117        android:noHistory="false"
117-->src/main/AndroidManifest.xml:67:9-34
118        android:supportsRtl="true"
118-->src/main/AndroidManifest.xml:68:9-35
119        android:testOnly="true"
120        android:theme="@style/AppTheme.NoActionBar"
120-->src/main/AndroidManifest.xml:69:9-52
121        android:usesCleartextTraffic="true" >
121-->src/main/AndroidManifest.xml:70:9-44
122        <activity
122-->src/main/AndroidManifest.xml:72:9-77:77
123            android:name="com.newtaxiprime.user.taxiapp.sidebar.ProfileMenu"
123-->src/main/AndroidManifest.xml:73:13-56
124            android:exported="false"
124-->src/main/AndroidManifest.xml:74:13-37
125            android:screenOrientation="portrait"
125-->src/main/AndroidManifest.xml:75:13-49
126            android:theme="@style/AppTheme.NoActionBar"
126-->src/main/AndroidManifest.xml:76:13-56
127            android:windowSoftInputMode="stateAlwaysHidden|adjustNothing" />
127-->src/main/AndroidManifest.xml:77:13-74
128        <activity
128-->src/main/AndroidManifest.xml:78:9-91:20
129            android:name="com.newtaxiprime.user.taxiapp.views.signinsignup.lanuching"
129-->src/main/AndroidManifest.xml:79:13-65
130            android:screenOrientation="portrait"
130-->src/main/AndroidManifest.xml:80:13-49
131            android:theme="@style/AppTheme.NoActionBar"
131-->src/main/AndroidManifest.xml:81:13-56
132            android:windowSoftInputMode="stateAlwaysHidden|adjustResize" >
132-->src/main/AndroidManifest.xml:82:13-73
133
134            <!--
135            <intent-filter>
136                <action android:name="android.intent.action.MAIN" />
137
138                <category android:name="android.intent.category.LAUNCHER" />
139            </intent-filter>
140            -->
141        </activity>
142        <activity
142-->src/main/AndroidManifest.xml:92:9-96:76
143            android:name="com.newtaxiprime.user.appcommon.views.PaymentWebViewActivity"
143-->src/main/AndroidManifest.xml:93:13-67
144            android:screenOrientation="portrait"
144-->src/main/AndroidManifest.xml:94:13-49
145            android:theme="@style/AppTheme.NoActionBar"
145-->src/main/AndroidManifest.xml:95:13-56
146            android:windowSoftInputMode="stateAlwaysHidden|adjustResize" />
146-->src/main/AndroidManifest.xml:96:13-73
147        <activity
147-->src/main/AndroidManifest.xml:97:9-101:76
148            android:name="com.newtaxiprime.user.appcommon.views.PaytmPaymentWebViewActivity"
148-->src/main/AndroidManifest.xml:98:13-72
149            android:screenOrientation="portrait"
149-->src/main/AndroidManifest.xml:99:13-49
150            android:theme="@style/AppTheme.NoActionBar"
150-->src/main/AndroidManifest.xml:100:13-56
151            android:windowSoftInputMode="stateAlwaysHidden|adjustResize" />
151-->src/main/AndroidManifest.xml:101:13-73
152        <activity
152-->src/main/AndroidManifest.xml:102:9-106:76
153            android:name="com.newtaxiprime.user.appcommon.views.FlutterwaveWebViewActivity"
153-->src/main/AndroidManifest.xml:103:13-71
154            android:screenOrientation="portrait"
154-->src/main/AndroidManifest.xml:104:13-49
155            android:theme="@style/AppTheme.NoActionBar"
155-->src/main/AndroidManifest.xml:105:13-56
156            android:windowSoftInputMode="stateAlwaysHidden|adjustResize" />
156-->src/main/AndroidManifest.xml:106:13-73
157        <activity
157-->src/main/AndroidManifest.xml:107:9-111:76
158            android:name="com.newtaxiprime.user.appcommon.views.PaystackWebViewActivity"
158-->src/main/AndroidManifest.xml:108:13-68
159            android:screenOrientation="portrait"
159-->src/main/AndroidManifest.xml:109:13-49
160            android:theme="@style/AppTheme.NoActionBar"
160-->src/main/AndroidManifest.xml:110:13-56
161            android:windowSoftInputMode="stateAlwaysHidden|adjustResize" />
161-->src/main/AndroidManifest.xml:111:13-73
162        <activity
162-->src/main/AndroidManifest.xml:112:9-116:76
163            android:name="com.newtaxiprime.user.appcommon.views.MollieWebViewActivity"
163-->src/main/AndroidManifest.xml:113:13-66
164            android:screenOrientation="portrait"
164-->src/main/AndroidManifest.xml:114:13-49
165            android:theme="@style/AppTheme.NoActionBar"
165-->src/main/AndroidManifest.xml:115:13-56
166            android:windowSoftInputMode="stateAlwaysHidden|adjustResize" />
166-->src/main/AndroidManifest.xml:116:13-73
167        <activity
167-->src/main/AndroidManifest.xml:117:9-121:76
168            android:name="com.newtaxiprime.user.appcommon.views.RazorpayWebViewActivity"
168-->src/main/AndroidManifest.xml:118:13-68
169            android:screenOrientation="portrait"
169-->src/main/AndroidManifest.xml:119:13-49
170            android:theme="@style/AppTheme.NoActionBar"
170-->src/main/AndroidManifest.xml:120:13-56
171            android:windowSoftInputMode="stateAlwaysHidden|adjustResize" />
171-->src/main/AndroidManifest.xml:121:13-73
172        <activity
172-->src/main/AndroidManifest.xml:122:9-126:76
173            android:name="com.newtaxiprime.user.appcommon.views.MpesaPaymentWebViewActivity"
173-->src/main/AndroidManifest.xml:123:13-72
174            android:screenOrientation="portrait"
174-->src/main/AndroidManifest.xml:124:13-49
175            android:theme="@style/AppTheme.NoActionBar"
175-->src/main/AndroidManifest.xml:125:13-56
176            android:windowSoftInputMode="stateAlwaysHidden|adjustResize" />
176-->src/main/AndroidManifest.xml:126:13-73
177
178        <receiver
178-->src/main/AndroidManifest.xml:128:9-136:20
179            android:name="com.newtaxiprime.user.appcommon.helper.NetworkChangeReceiver"
179-->src/main/AndroidManifest.xml:129:13-67
180            android:exported="true"
180-->src/main/AndroidManifest.xml:130:13-36
181            android:label="NetworkChangeReceiver" >
181-->src/main/AndroidManifest.xml:131:13-50
182            <intent-filter>
182-->src/main/AndroidManifest.xml:132:13-135:29
183                <action android:name="android.net.conn.CONNECTIVITY_CHANGE" />
183-->src/main/AndroidManifest.xml:133:17-79
183-->src/main/AndroidManifest.xml:133:25-76
184                <action android:name="android.net.wifi.WIFI_STATE_CHANGED" />
184-->src/main/AndroidManifest.xml:134:17-78
184-->src/main/AndroidManifest.xml:134:25-75
185            </intent-filter>
186        </receiver>
187
188        <service
188-->src/main/AndroidManifest.xml:138:9-141:40
189            android:name="com.newtaxiprime.user.taxiapp.views.voip.NewTaxiSinchService"
189-->src/main/AndroidManifest.xml:139:13-67
190            android:enabled="true"
190-->src/main/AndroidManifest.xml:140:13-35
191            android:exported="false" />
191-->src/main/AndroidManifest.xml:141:13-37
192
193        <activity
193-->src/main/AndroidManifest.xml:143:9-146:59
194            android:name="com.newtaxiprime.user.taxiapp.sendrequest.PaymentAmountPage"
194-->src/main/AndroidManifest.xml:144:13-66
195            android:screenOrientation="portrait"
195-->src/main/AndroidManifest.xml:145:13-49
196            android:theme="@style/AppTheme.NoActionBar" />
196-->src/main/AndroidManifest.xml:146:13-56
197        <activity
197-->src/main/AndroidManifest.xml:147:9-153:57
198            android:name="com.newtaxiprime.user.taxiapp.views.voip.CallProcessingActivity"
198-->src/main/AndroidManifest.xml:148:13-70
199            android:configChanges="keyboard|keyboardHidden|screenLayout|screenSize|orientation"
199-->src/main/AndroidManifest.xml:149:13-96
200            android:excludeFromRecents="true"
200-->src/main/AndroidManifest.xml:150:13-46
201            android:screenOrientation="portrait"
201-->src/main/AndroidManifest.xml:151:13-49
202            android:theme="@style/AppTheme.NoActionBar"
202-->src/main/AndroidManifest.xml:152:13-56
203            android:windowSoftInputMode="stateHidden" />
203-->src/main/AndroidManifest.xml:153:13-54
204        <activity
204-->src/main/AndroidManifest.xml:154:9-157:59
205            android:name="com.newtaxiprime.user.taxiapp.sendrequest.CancelYourTripActivity"
205-->src/main/AndroidManifest.xml:155:13-71
206            android:screenOrientation="portrait"
206-->src/main/AndroidManifest.xml:156:13-49
207            android:theme="@style/AppTheme.NoActionBar" />
207-->src/main/AndroidManifest.xml:157:13-56
208        <activity
208-->src/main/AndroidManifest.xml:158:9-161:59
209            android:name="com.newtaxiprime.user.taxiapp.sendrequest.CancelYourRequestActivity"
209-->src/main/AndroidManifest.xml:159:13-74
210            android:screenOrientation="portrait"
210-->src/main/AndroidManifest.xml:160:13-49
211            android:theme="@style/AppTheme.NoActionBar" />
211-->src/main/AndroidManifest.xml:161:13-56
212        <activity
212-->src/main/AndroidManifest.xml:162:9-172:20
213            android:name="com.newtaxiprime.user.taxiapp.views.splash.SplashActivity"
213-->src/main/AndroidManifest.xml:163:13-64
214            android:exported="true"
214-->src/main/AndroidManifest.xml:164:13-36
215            android:label="@string/app_name"
215-->src/main/AndroidManifest.xml:165:13-45
216            android:theme="@style/SplashTheme" >
216-->src/main/AndroidManifest.xml:166:13-47
217            <intent-filter>
217-->src/main/AndroidManifest.xml:167:13-171:29
218                <action android:name="android.intent.action.MAIN" />
218-->src/main/AndroidManifest.xml:168:17-69
218-->src/main/AndroidManifest.xml:168:25-66
219
220                <category android:name="android.intent.category.LAUNCHER" />
220-->src/main/AndroidManifest.xml:170:17-77
220-->src/main/AndroidManifest.xml:170:27-74
221            </intent-filter>
222        </activity>
223
224        <service
224-->src/main/AndroidManifest.xml:174:9-176:40
225            android:name="com.newtaxiprime.user.appcommon.map.FetchAddressIntentService"
225-->src/main/AndroidManifest.xml:175:13-68
226            android:exported="false" />
226-->src/main/AndroidManifest.xml:176:13-37
227        <service
227-->src/main/AndroidManifest.xml:177:9-186:19
228            android:name="com.newtaxiprime.user.appcommon.pushnotification.MyFirebaseMessagingService"
228-->src/main/AndroidManifest.xml:178:13-82
229            android:exported="true"
229-->src/main/AndroidManifest.xml:179:13-36
230            android:theme="@style/Theme.AppCompat" >
230-->src/main/AndroidManifest.xml:180:13-51
231            <intent-filter>
231-->src/main/AndroidManifest.xml:181:13-185:29
232                <action
232-->src/main/AndroidManifest.xml:182:17-184:62
233                    android:name="com.google.firebase.MESSAGING_EVENT"
233-->src/main/AndroidManifest.xml:183:21-71
234                    android:theme="@style/Theme.AppCompat" />
234-->src/main/AndroidManifest.xml:184:21-59
235            </intent-filter>
236        </service>
237        <service
237-->src/main/AndroidManifest.xml:187:9-193:19
238            android:name="com.newtaxiprime.user.appcommon.pushnotification.MyFirebaseInstanceIDService"
238-->src/main/AndroidManifest.xml:188:13-83
239            android:exported="false" >
239-->src/main/AndroidManifest.xml:189:13-37
240            <intent-filter>
240-->src/main/AndroidManifest.xml:190:13-192:29
241                <action android:name="com.google.firebase.INSTANCE_ID_EVENT" />
241-->src/main/AndroidManifest.xml:191:17-80
241-->src/main/AndroidManifest.xml:191:25-77
242            </intent-filter>
243        </service>
244
245        <!-- <activity -->
246        <!-- android:name="com.facebook.FacebookActivity" -->
247        <!-- android:configChanges="keyboard|keyboardHidden|screenLayout|screenSize|orientation" -->
248        <!-- android:label="@string/app_name" -->
249        <!-- android:screenOrientation="portrait" -->
250        <!-- android:windowSoftInputMode="adjustPan" /> -->
251
252
253        <!-- <meta-data -->
254        <!-- android:name="com.facebook.sdk.ApplicationId" -->
255        <!-- android:screenOrientation="portrait" -->
256        <!-- android:value="@string/facebook_key" /> -->
257
258
259        <!-- <provider -->
260        <!-- android:name="com.facebook.FacebookContentProvider" -->
261        <!-- android:authorities="@string/facebook_provider" -->
262        <!-- android:exported="true" /> -->
263        <provider
264            android:name="androidx.core.content.FileProvider"
264-->src/main/AndroidManifest.xml:212:13-62
265            android:authorities="com.uidrive.user.provider"
265-->src/main/AndroidManifest.xml:213:13-60
266            android:exported="false"
266-->src/main/AndroidManifest.xml:214:13-37
267            android:grantUriPermissions="true" >
267-->src/main/AndroidManifest.xml:215:13-47
268            <meta-data
268-->src/main/AndroidManifest.xml:216:13-218:58
269                android:name="android.support.FILE_PROVIDER_PATHS"
269-->src/main/AndroidManifest.xml:217:17-67
270                android:resource="@xml/provider_paths" />
270-->src/main/AndroidManifest.xml:218:17-55
271        </provider>
272
273        <meta-data
273-->src/main/AndroidManifest.xml:221:9-223:69
274            android:name="com.google.android.gms.version"
274-->src/main/AndroidManifest.xml:222:13-58
275            android:value="@integer/google_play_services_version" />
275-->src/main/AndroidManifest.xml:223:13-66
276        <meta-data
276-->src/main/AndroidManifest.xml:224:9-226:55
277            android:name="com.google.android.geo.API_KEY"
277-->src/main/AndroidManifest.xml:225:13-58
278            android:value="@string/google_maps_key" />
278-->src/main/AndroidManifest.xml:226:13-52
279        <!--
280            <meta-data
281            android:name="com.google.android.maps.v2.API_KEY"
282            android:value="@string/google_maps_key" />
283        -->
284        <activity
284-->src/main/AndroidManifest.xml:232:9-236:63
285            android:name="com.newtaxiprime.user.taxiapp.views.signinsignup.SigninSignupActivity"
285-->src/main/AndroidManifest.xml:233:13-76
286            android:screenOrientation="portrait"
286-->src/main/AndroidManifest.xml:234:13-49
287            android:theme="@style/AppTheme.NoActionBar"
287-->src/main/AndroidManifest.xml:235:13-56
288            android:windowSoftInputMode="stateAlwaysHidden" />
288-->src/main/AndroidManifest.xml:236:13-60
289        <activity
289-->src/main/AndroidManifest.xml:237:9-241:63
290            android:name="com.newtaxiprime.user.taxiapp.views.main.MainActivity"
290-->src/main/AndroidManifest.xml:238:13-60
291            android:screenOrientation="portrait"
291-->src/main/AndroidManifest.xml:239:13-49
292            android:theme="@style/AppTheme.NoActionBar"
292-->src/main/AndroidManifest.xml:240:13-56
293            android:windowSoftInputMode="stateAlwaysHidden" />
293-->src/main/AndroidManifest.xml:241:13-60
294        <activity
294-->src/main/AndroidManifest.xml:242:9-246:76
295            android:name="com.newtaxiprime.user.taxiapp.views.signinsignup.SSResetPassword"
295-->src/main/AndroidManifest.xml:243:13-71
296            android:screenOrientation="portrait"
296-->src/main/AndroidManifest.xml:244:13-49
297            android:theme="@style/AppTheme.NoActionBar"
297-->src/main/AndroidManifest.xml:245:13-56
298            android:windowSoftInputMode="stateAlwaysHidden|adjustResize" />
298-->src/main/AndroidManifest.xml:246:13-73
299        <activity
299-->src/main/AndroidManifest.xml:247:9-251:76
300            android:name="com.newtaxiprime.user.taxiapp.sidebar.Profile"
300-->src/main/AndroidManifest.xml:248:13-52
301            android:screenOrientation="portrait"
301-->src/main/AndroidManifest.xml:249:13-49
302            android:theme="@style/AppTheme.NoActionBar"
302-->src/main/AndroidManifest.xml:250:13-56
303            android:windowSoftInputMode="stateAlwaysHidden|adjustResize" />
303-->src/main/AndroidManifest.xml:251:13-73
304        <activity
304-->src/main/AndroidManifest.xml:252:9-256:76
305            android:name="com.newtaxiprime.user.taxiapp.sidebar.payment.TransferMoney"
305-->src/main/AndroidManifest.xml:253:13-66
306            android:screenOrientation="portrait"
306-->src/main/AndroidManifest.xml:254:13-49
307            android:theme="@style/AppTheme.NoActionBar"
307-->src/main/AndroidManifest.xml:255:13-56
308            android:windowSoftInputMode="stateAlwaysHidden|adjustResize" />
308-->src/main/AndroidManifest.xml:256:13-73
309        <activity
309-->src/main/AndroidManifest.xml:257:9-261:76
310            android:name="com.newtaxiprime.user.taxiapp.views.signinsignup.SSRegisterActivity"
310-->src/main/AndroidManifest.xml:258:13-74
311            android:screenOrientation="portrait"
311-->src/main/AndroidManifest.xml:259:13-49
312            android:theme="@style/AppTheme.NoActionBar"
312-->src/main/AndroidManifest.xml:260:13-56
313            android:windowSoftInputMode="stateAlwaysHidden|adjustResize" />
313-->src/main/AndroidManifest.xml:261:13-73
314        <activity
314-->src/main/AndroidManifest.xml:262:9-266:77
315            android:name="com.newtaxiprime.user.taxiapp.sidebar.Setting"
315-->src/main/AndroidManifest.xml:263:13-52
316            android:screenOrientation="portrait"
316-->src/main/AndroidManifest.xml:264:13-49
317            android:theme="@style/AppTheme.NoActionBar"
317-->src/main/AndroidManifest.xml:265:13-56
318            android:windowSoftInputMode="stateAlwaysHidden|adjustNothing" />
318-->src/main/AndroidManifest.xml:266:13-74
319        <activity
319-->src/main/AndroidManifest.xml:267:9-271:76
320            android:name="com.newtaxiprime.user.taxiapp.sidebar.FareBreakdown"
320-->src/main/AndroidManifest.xml:268:13-58
321            android:screenOrientation="portrait"
321-->src/main/AndroidManifest.xml:269:13-49
322            android:theme="@style/AppTheme.NoActionBar"
322-->src/main/AndroidManifest.xml:270:13-56
323            android:windowSoftInputMode="stateAlwaysHidden|adjustResize" />
323-->src/main/AndroidManifest.xml:271:13-73
324        <activity
324-->src/main/AndroidManifest.xml:272:9-276:76